Arguments: 
  C:\Program Files\nodejs\node.exe C:\Program Files (x86)\Yarn\bin\yarn.js add ValidationPipe

PATH: 
  C:\Program Files\Common Files\Oracle\Java\javapath;C:\Program Files (x86)\Common Files\Oracle\Java\java8path;C:\Program Files (x86)\Common Files\Oracle\Java\javapath;C:\Windows\system32;C:\Windows;C:\Windows\System32\Wbem;C:\Windows\System32\WindowsPowerShell\v1.0\;C:\Windows\System32\OpenSSH\;C:\Program Files\Microsoft VS Code\bin;C:\Program Files\nodejs\;C:\Program Files (x86)\Yarn\bin;C:\Program Files\Docker\Docker\resources\bin;C:\Program Files (x86)\NVIDIA Corporation\PhysX\Common;C:\Program Files\NVIDIA Corporation\NVIDIA NvDLISR;C:\Program Files\Git\cmd;C:\Users\Diego\apache-maven-3.9.9\bin\bin;C:\Users\Diego\AppData\Local\Microsoft\WindowsApps;C:\Users\Diego\AppData\Roaming\npm;C:\Users\Diego\AppData\Local\Yarn\bin;C:\Users\Diego\AppData\Local\GitHubDesktop\bin;C:\Users\Diego\AppData\Local\Programs\Azure Data Studio\bin;C:\Users\Diego\AppData\Local\spicetify;C:\Program Files\JetBrains\IntelliJ IDEA 2024.1.4\bin;C:\Program Files\Java\jdk-21\bin;%JRE_HOME%\bin;C:\Users\Diego\apache-maven-3.9.9\bin

Yarn version: 
  1.3.2

Node version: 
  20.12.2

Platform: 
  win32 x64

npm manifest: 
  {
    "name": "fyp_mest",
    "version": "0.0.1",
    "description": "",
    "author": "",
    "private": true,
    "license": "UNLICENSED",
    "scripts": {
      "build": "nest build",
      "format": "prettier --write \"src/**/*.ts\" \"test/**/*.ts\"",
      "start": "nest start",
      "start:dev": "nest start --watch",
      "start:debug": "nest start --debug --watch",
      "start:prod": "node dist/main",
      "lint": "eslint \"{src,apps,libs,test}/**/*.ts\" --fix",
      "test": "jest",
      "test:watch": "jest --watch",
      "test:cov": "jest --coverage",
      "test:debug": "node --inspect-brk -r tsconfig-paths/register -r ts-node/register node_modules/.bin/jest --runInBand",
      "test:e2e": "jest --config ./test/jest-e2e.json"
    },
    "dependencies": {
      "@nestjs/common": "^10.0.0",
      "@nestjs/config": "^3.3.0",
      "@nestjs/core": "^10.0.0",
      "@nestjs/jwt": "^10.2.0",
      "@nestjs/mapped-types": "*",
      "@nestjs/passport": "^10.0.3",
      "@nestjs/platform-express": "^10.0.0",
      "@nestjs/typeorm": "^10.0.2",
      "@types/uuid": "^10.0.0",
      "bcrypt": "^5.1.1",
      "class-validator": "^0.14.1",
      "dotenv": "^16.4.5",
      "passport-jwt": "^4.0.1",
      "pg": "^8.13.1",
      "reflect-metadata": "^0.2.0",
      "rxjs": "^7.8.1",
      "typeorm": "^0.3.20",
      "uuid": "^10.0.0"
    },
    "devDependencies": {
      "@nestjs/cli": "^10.0.0",
      "@nestjs/schematics": "^10.0.0",
      "@nestjs/testing": "^10.0.0",
      "@types/express": "^4.17.17",
      "@types/jest": "^29.5.2",
      "@types/node": "^20.3.1",
      "@types/supertest": "^6.0.0",
      "@typescript-eslint/eslint-plugin": "^8.0.0",
      "@typescript-eslint/parser": "^8.0.0",
      "eslint": "^8.42.0",
      "eslint-config-prettier": "^9.0.0",
      "eslint-plugin-prettier": "^5.0.0",
      "jest": "^29.5.0",
      "prettier": "^3.0.0",
      "source-map-support": "^0.5.21",
      "supertest": "^7.0.0",
      "ts-jest": "^29.1.0",
      "ts-loader": "^9.4.3",
      "ts-node": "^10.9.1",
      "tsconfig-paths": "^4.2.0",
      "typescript": "^5.1.3"
    },
    "jest": {
      "moduleFileExtensions": [
        "js",
        "json",
        "ts"
      ],
      "rootDir": "src",
      "testRegex": ".*\\.spec\\.ts$",
      "transform": {
        "^.+\\.(t|j)s$": "ts-jest"
      },
      "collectCoverageFrom": [
        "**/*.(t|j)s"
      ],
      "coverageDirectory": "../coverage",
      "testEnvironment": "node"
    }
  }

yarn manifest: 
  No manifest

Lockfile: 
  No lockfile

Trace: 
  Error: https://registry.yarnpkg.com/ValidationPipe: Not found
      at params.callback [as _callback] (C:\Program Files (x86)\Yarn\lib\cli.js:62098:18)
      at self.callback (C:\Program Files (x86)\Yarn\lib\cli.js:123085:22)
      at Request.emit (node:events:518:28)
      at Request.<anonymous> (C:\Program Files (x86)\Yarn\lib\cli.js:124068:10)
      at Request.emit (node:events:518:28)
      at IncomingMessage.<anonymous> (C:\Program Files (x86)\Yarn\lib\cli.js:123988:12)
      at Object.onceWrapper (node:events:632:28)
      at IncomingMessage.emit (node:events:530:35)
      at endReadableNT (node:internal/streams/readable:1696:12)
      at process.processTicksAndRejections (node:internal/process/task_queues:82:21)
